<?xml version="1.0" encoding="UTF-8"?>
<!-- Generated by org.testng.reporters.JUnitReportReporter -->
<testsuite hostname="LAPTOP-I9MDT5IG" name="Vikashacademy.Mavenjava1.SeleniumTest" tests="2" failures="0" timestamp="29 Sep 2020 09:02:32 GMT" time="0.018" errors="0">
  <testcase name="login" time="0.017" classname="Vikashacademy.Mavenjava1.SeleniumTest"/>
  <testcase name="uiScreen" time="0.001" classname="Vikashacademy.Mavenjava1.SeleniumTest"/>
</testsuite> <!-- Vikashacademy.Mavenjava1.SeleniumTest -->
