<?xml version="1.0" encoding="UTF-8"?>
<!-- Generated by org.testng.reporters.JUnitReportReporter -->
<testsuite skipped="0" hostname="LAPTOP-I9MDT5IG" name="Vikashacademy.Mavenjava1.SeleniumTest" tests="2" failures="0" timestamp="29 Sep 2020 09:01:50 GMT" time="0.008" errors="0">
  <testcase name="login" time="0.008" classname="Vikashacademy.Mavenjava1.SeleniumTest"/>
  <testcase name="uiScreen" time="0.000" classname="Vikashacademy.Mavenjava1.SeleniumTest"/>
</testsuite> <!-- Vikashacademy.Mavenjava1.SeleniumTest -->
